<?xml version="1.0" encoding="UTF-8"?>
<!-- Generated by org.testng.reporters.JUnitXMLReporter -->
<testsuite ignored="0" hostname="LAPTOP-ER81FAOP" failures="0" tests="4" name="TestYahoo" time="2.13" errors="0" timestamp="2023-02-16T00:43:40 IST">
  <testcase classname="testNg.TestNgClass1" name="@BeforeClass LunchBrowser" time="1.206">
    <failure type="org.openqa.selenium.SessionNotCreatedException" message="session not created: This version of ChromeDriver only supports Chrome version 108
Current browser version is 110.0.5481.100 with binary path C:\Program Files\Google\Chrome\Application\chrome.exe
Build info: version: &amp;apos;3.141.59&amp;apos;, revision: &amp;apos;e82be7d358&amp;apos;, time: &amp;apos;2018-11-14T08:17:03&amp;apos;
System info: host: &amp;apos;LAPTOP-ER81FAOP&amp;apos;, ip: &amp;apos;192.168.120.148&amp;apos;, os.name: &amp;apos;Windows 11&amp;apos;, os.arch: &amp;apos;amd64&amp;apos;, os.version: &amp;apos;10.0&amp;apos;, java.version: &amp;apos;18.0.2.1&amp;apos;
Driver info: driver.version: ChromeDriver
remote stacktrace: Backtrace:
	(No symbol) [0x009AF243]
	(No symbol) [0x00937FD1]
	(No symbol) [0x0082D04D]
	(No symbol) [0x0084F6B4]
	(No symbol) [0x0084A97C]
	(No symbol) [0x008482E9]
	(No symbol) [0x0087F056]
	(No symbol) [0x0087EB2A]
	(No symbol) [0x00878386]
	(No symbol) [0x0085163C]
	(No symbol) [0x0085269D]
	GetHandleVerifier [0x00C49A22+2655074]
	GetHandleVerifier [0x00C3CA24+2601828]
	GetHandleVerifier [0x00A58C0A+619850]
	GetHandleVerifier [0x00A57830+614768]
	(No symbol) [0x009405FC]
	(No symbol) [0x00945968]
	(No symbol) [0x00945A55]
	(No symbol) [0x0095051B]
	BaseThreadInitThunk [0x76B27D69+25]
	RtlInitializeExceptionChain [0x77C1BB9B+107]
	RtlClearBits [0x77C1BB1F+191]
">
      <![CDATA[org.openqa.selenium.SessionNotCreatedException: session not created: This version of ChromeDriver only supports Chrome version 108
Current browser version is 110.0.5481.100 with binary path C:\Program Files\Google\Chrome\Application\chrome.exe
Build info: version: '3.141.59', revision: 'e82be7d358', time: '2018-11-14T08:17:03'
System info: host: 'LAPTOP-ER81FAOP', ip: '192.168.120.148', os.name: 'Windows 11', os.arch: 'amd64', os.version: '10.0', java.version: '18.0.2.1'
Driver info: driver.version: ChromeDriver
remote stacktrace: Backtrace:
(No symbol) [0x009AF243]
(No symbol) [0x00937FD1]
(No symbol) [0x0082D04D]
(No symbol) [0x0084F6B4]
(No symbol) [0x0084A97C]
(No symbol) [0x008482E9]
(No symbol) [0x0087F056]
(No symbol) [0x0087EB2A]
(No symbol) [0x00878386]
(No symbol) [0x0085163C]
(No symbol) [0x0085269D]
GetHandleVerifier [0x00C49A22+2655074]
GetHandleVerifier [0x00C3CA24+2601828]
GetHandleVerifier [0x00A58C0A+619850]
GetHandleVerifier [0x00A57830+614768]
(No symbol) [0x009405FC]
(No symbol) [0x00945968]
(No symbol) [0x00945A55]
(No symbol) [0x0095051B]
BaseThreadInitThunk [0x76B27D69+25]
RtlInitializeExceptionChain [0x77C1BB9B+107]
RtlClearBits [0x77C1BB1F+191]

at org.openqa.selenium.remote.W3CHandshakeResponse.lambda$errorHandler$0(W3CHandshakeResponse.java:62)
at org.openqa.selenium.remote.HandshakeResponse.lambda$getResponseFunction$0(HandshakeResponse.java:30)
at org.openqa.selenium.remote.ProtocolHandshake.lambda$createSession$0(ProtocolHandshake.java:126)
at java.base/java.util.stream.ReferencePipeline$3$1.accept(ReferencePipeline.java:197)
at java.base/java.util.Spliterators$ArraySpliterator.tryAdvance(Spliterators.java:1002)
at java.base/java.util.stream.ReferencePipeline.forEachWithCancel(ReferencePipeline.java:129)
at java.base/java.util.stream.AbstractPipeline.copyIntoWithCancel(AbstractPipeline.java:527)
at java.base/java.util.stream.AbstractPipeline.copyInto(AbstractPipeline.java:513)
at java.base/java.util.stream.AbstractPipeline.wrapAndCopyInto(AbstractPipeline.java:499)
at java.base/java.util.stream.FindOps$FindOp.evaluateSequential(FindOps.java:150)
at java.base/java.util.stream.AbstractPipeline.evaluate(AbstractPipeline.java:234)
at java.base/java.util.stream.ReferencePipeline.findFirst(ReferencePipeline.java:647)
at org.openqa.selenium.remote.ProtocolHandshake.createSession(ProtocolHandshake.java:128)
at org.openqa.selenium.remote.ProtocolHandshake.createSession(ProtocolHandshake.java:74)
at org.openqa.selenium.remote.HttpCommandExecutor.execute(HttpCommandExecutor.java:136)
at org.openqa.selenium.remote.service.DriverCommandExecutor.execute(DriverCommandExecutor.java:83)
at org.openqa.selenium.remote.RemoteWebDriver.execute(RemoteWebDriver.java:552)
at org.openqa.selenium.remote.RemoteWebDriver.startSession(RemoteWebDriver.java:213)
at org.openqa.selenium.remote.RemoteWebDriver.<init>(RemoteWebDriver.java:131)
at org.openqa.selenium.chrome.ChromeDriver.<init>(ChromeDriver.java:181)
at org.openqa.selenium.chrome.ChromeDriver.<init>(ChromeDriver.java:168)
at org.openqa.selenium.chrome.ChromeDriver.<init>(ChromeDriver.java:123)
at testNg.TestNgClass1.LunchBrowser(TestNgClass1.java:22)
at java.base/java.util.ArrayList.forEach(ArrayList.java:1511)
... Removed 26 stack frames]]>
    </failure>
  </testcase> <!-- @BeforeClass LunchBrowser -->
  <testcase classname="testNg.TestNgClass1" name="@BeforeMethod goToHomePage" time="-1.67648841954E9">
    <skipped/>
  </testcase> <!-- @BeforeMethod goToHomePage -->
  <testcase classname="testNg.TestNgClass1" name="@AfterMethod BackPage" time="-1.676488419549E9">
    <skipped/>
  </testcase> <!-- @AfterMethod BackPage -->
  <testcase classname="testNg.TestNgClass1" name="@BeforeMethod goToHomePage" time="-1.676488419556E9">
    <skipped/>
  </testcase> <!-- @BeforeMethod goToHomePage -->
  <testcase classname="testNg.TestNgClass1" name="@AfterMethod BackPage" time="-1.676488419572E9">
    <skipped/>
  </testcase> <!-- @AfterMethod BackPage -->
  <testcase classname="testNg.TestNgClass1" name="@AfterClass closedbrowser" time="-1.676488419577E9">
    <skipped/>
  </testcase> <!-- @AfterClass closedbrowser -->
  <testcase classname="testNg.TestNgClass_2" name="@BeforeClass LunchBrowser" time="0.811">
    <failure type="org.openqa.selenium.SessionNotCreatedException" message="session not created: This version of ChromeDriver only supports Chrome version 108
Current browser version is 110.0.5481.100 with binary path C:\Program Files\Google\Chrome\Application\chrome.exe
Build info: version: &amp;apos;3.141.59&amp;apos;, revision: &amp;apos;e82be7d358&amp;apos;, time: &amp;apos;2018-11-14T08:17:03&amp;apos;
System info: host: &amp;apos;LAPTOP-ER81FAOP&amp;apos;, ip: &amp;apos;192.168.120.148&amp;apos;, os.name: &amp;apos;Windows 11&amp;apos;, os.arch: &amp;apos;amd64&amp;apos;, os.version: &amp;apos;10.0&amp;apos;, java.version: &amp;apos;18.0.2.1&amp;apos;
Driver info: driver.version: ChromeDriver
remote stacktrace: Backtrace:
	(No symbol) [0x009AF243]
	(No symbol) [0x00937FD1]
	(No symbol) [0x0082D04D]
	(No symbol) [0x0084F6B4]
	(No symbol) [0x0084A97C]
	(No symbol) [0x008482E9]
	(No symbol) [0x0087F056]
	(No symbol) [0x0087EB2A]
	(No symbol) [0x00878386]
	(No symbol) [0x0085163C]
	(No symbol) [0x0085269D]
	GetHandleVerifier [0x00C49A22+2655074]
	GetHandleVerifier [0x00C3CA24+2601828]
	GetHandleVerifier [0x00A58C0A+619850]
	GetHandleVerifier [0x00A57830+614768]
	(No symbol) [0x009405FC]
	(No symbol) [0x00945968]
	(No symbol) [0x00945A55]
	(No symbol) [0x0095051B]
	BaseThreadInitThunk [0x76B27D69+25]
	RtlInitializeExceptionChain [0x77C1BB9B+107]
	RtlClearBits [0x77C1BB1F+191]
">
      <![CDATA[org.openqa.selenium.SessionNotCreatedException: session not created: This version of ChromeDriver only supports Chrome version 108
Current browser version is 110.0.5481.100 with binary path C:\Program Files\Google\Chrome\Application\chrome.exe
Build info: version: '3.141.59', revision: 'e82be7d358', time: '2018-11-14T08:17:03'
System info: host: 'LAPTOP-ER81FAOP', ip: '192.168.120.148', os.name: 'Windows 11', os.arch: 'amd64', os.version: '10.0', java.version: '18.0.2.1'
Driver info: driver.version: ChromeDriver
remote stacktrace: Backtrace:
(No symbol) [0x009AF243]
(No symbol) [0x00937FD1]
(No symbol) [0x0082D04D]
(No symbol) [0x0084F6B4]
(No symbol) [0x0084A97C]
(No symbol) [0x008482E9]
(No symbol) [0x0087F056]
(No symbol) [0x0087EB2A]
(No symbol) [0x00878386]
(No symbol) [0x0085163C]
(No symbol) [0x0085269D]
GetHandleVerifier [0x00C49A22+2655074]
GetHandleVerifier [0x00C3CA24+2601828]
GetHandleVerifier [0x00A58C0A+619850]
GetHandleVerifier [0x00A57830+614768]
(No symbol) [0x009405FC]
(No symbol) [0x00945968]
(No symbol) [0x00945A55]
(No symbol) [0x0095051B]
BaseThreadInitThunk [0x76B27D69+25]
RtlInitializeExceptionChain [0x77C1BB9B+107]
RtlClearBits [0x77C1BB1F+191]

at org.openqa.selenium.remote.W3CHandshakeResponse.lambda$errorHandler$0(W3CHandshakeResponse.java:62)
at org.openqa.selenium.remote.HandshakeResponse.lambda$getResponseFunction$0(HandshakeResponse.java:30)
at org.openqa.selenium.remote.ProtocolHandshake.lambda$createSession$0(ProtocolHandshake.java:126)
at java.base/java.util.stream.ReferencePipeline$3$1.accept(ReferencePipeline.java:197)
at java.base/java.util.Spliterators$ArraySpliterator.tryAdvance(Spliterators.java:1002)
at java.base/java.util.stream.ReferencePipeline.forEachWithCancel(ReferencePipeline.java:129)
at java.base/java.util.stream.AbstractPipeline.copyIntoWithCancel(AbstractPipeline.java:527)
at java.base/java.util.stream.AbstractPipeline.copyInto(AbstractPipeline.java:513)
at java.base/java.util.stream.AbstractPipeline.wrapAndCopyInto(AbstractPipeline.java:499)
at java.base/java.util.stream.FindOps$FindOp.evaluateSequential(FindOps.java:150)
at java.base/java.util.stream.AbstractPipeline.evaluate(AbstractPipeline.java:234)
at java.base/java.util.stream.ReferencePipeline.findFirst(ReferencePipeline.java:647)
at org.openqa.selenium.remote.ProtocolHandshake.createSession(ProtocolHandshake.java:128)
at org.openqa.selenium.remote.ProtocolHandshake.createSession(ProtocolHandshake.java:74)
at org.openqa.selenium.remote.HttpCommandExecutor.execute(HttpCommandExecutor.java:136)
at org.openqa.selenium.remote.service.DriverCommandExecutor.execute(DriverCommandExecutor.java:83)
at org.openqa.selenium.remote.RemoteWebDriver.execute(RemoteWebDriver.java:552)
at org.openqa.selenium.remote.RemoteWebDriver.startSession(RemoteWebDriver.java:213)
at org.openqa.selenium.remote.RemoteWebDriver.<init>(RemoteWebDriver.java:131)
at org.openqa.selenium.chrome.ChromeDriver.<init>(ChromeDriver.java:181)
at org.openqa.selenium.chrome.ChromeDriver.<init>(ChromeDriver.java:168)
at org.openqa.selenium.chrome.ChromeDriver.<init>(ChromeDriver.java:123)
at testNg.TestNgClass_2.LunchBrowser(TestNgClass_2.java:25)
at java.base/java.util.ArrayList.forEach(ArrayList.java:1511)
... Removed 26 stack frames]]>
    </failure>
  </testcase> <!-- @BeforeClass LunchBrowser -->
  <testcase classname="testNg.TestNgClass_2" name="@BeforeMethod goToHomePage" time="-1.676488420395E9">
    <skipped/>
  </testcase> <!-- @BeforeMethod goToHomePage -->
  <testcase classname="testNg.TestNgClass_2" name="@AfterMethod BackPage" time="-1.676488420399E9">
    <skipped/>
  </testcase> <!-- @AfterMethod BackPage -->
  <testcase classname="testNg.TestNgClass_2" name="@AfterClass closedbrowser" time="-1.6764884204E9">
    <skipped/>
  </testcase> <!-- @AfterClass closedbrowser -->
  <testcase classname="testNg.TestNgClass" name="test" time="0.007"/>
  <testcase classname="testNg.TestNgClass1" name="VerifyCreateAccount" time="0.0">
    <skipped/>
  </testcase> <!-- VerifyCreateAccount -->
  <testcase classname="testNg.TestNgClass1" name="VerifySignInPage" time="0.0">
    <skipped/>
  </testcase> <!-- VerifySignInPage -->
  <testcase classname="testNg.TestNgClass_2" name="VerifySentToMain" time="0.0">
    <skipped/>
  </testcase> <!-- VerifySentToMain -->
</testsuite> <!-- TestYahoo -->
