<?xml version="1.0" encoding="UTF-8"?>
<testng-results ignored="0" total="4" passed="1" failed="0" skipped="3">
  <reporter-output>
  </reporter-output>
  <suite started-at="2023-02-16T00:43:38 IST" name="SuiteYahoo" finished-at="2023-02-16T00:43:40 IST" duration-ms="2130">
    <groups>
    </groups>
    <test started-at="2023-02-16T00:43:38 IST" name="TestYahoo" finished-at="2023-02-16T00:43:40 IST" duration-ms="2130">
      <class name="testNg.TestNgClass">
        <test-method is-config="true" signature="beforeClass()[pri:0, instance:testNg.TestNgClass@e056f20]" started-at="2023-02-16T00:43:38 IST" name="beforeClass" finished-at="2023-02-16T00:43:38 IST" duration-ms="5" status="PASS">
          <reporter-output>
          </reporter-output>
        </test-method> <!-- beforeClass -->
        <test-method is-config="true" signature="beforeMethod()[pri:0, instance:testNg.TestNgClass@e056f20]" started-at="2023-02-16T00:43:38 IST" name="beforeMethod" finished-at="2023-02-16T00:43:38 IST" duration-ms="1" status="PASS">
          <reporter-output>
          </reporter-output>
        </test-method> <!-- beforeMethod -->
        <test-method signature="test()[pri:0, instance:testNg.TestNgClass@e056f20]" started-at="2023-02-16T00:43:38 IST" name="test" finished-at="2023-02-16T00:43:38 IST" duration-ms="7" status="PASS">
          <reporter-output>
          </reporter-output>
        </test-method> <!-- test -->
        <test-method is-config="true" signature="afterMethod()[pri:0, instance:testNg.TestNgClass@e056f20]" started-at="2023-02-16T00:43:38 IST" name="afterMethod" finished-at="2023-02-16T00:43:38 IST" duration-ms="1" status="PASS">
          <reporter-output>
          </reporter-output>
        </test-method> <!-- afterMethod -->
        <test-method is-config="true" signature="afterClass()[pri:0, instance:testNg.TestNgClass@e056f20]" started-at="2023-02-16T00:43:38 IST" name="afterClass" finished-at="2023-02-16T00:43:38 IST" duration-ms="1" status="PASS">
          <reporter-output>
          </reporter-output>
        </test-method> <!-- afterClass -->
      </class> <!-- testNg.TestNgClass -->
      <class name="testNg.TestNgClass1">
        <test-method is-config="true" signature="LunchBrowser()[pri:0, instance:testNg.TestNgClass1@13e39c73]" started-at="2023-02-16T00:43:38 IST" name="LunchBrowser" finished-at="2023-02-16T00:43:39 IST" duration-ms="1206" status="FAIL">
          <exception class="org.openqa.selenium.SessionNotCreatedException">
            <message>
              <![CDATA[session not created: This version of ChromeDriver only supports Chrome version 108
Current browser version is 110.0.5481.100 with binary path C:\Program Files\Google\Chrome\Application\chrome.exe
Build info: version: '3.141.59', revision: 'e82be7d358', time: '2018-11-14T08:17:03'
System info: host: 'LAPTOP-ER81FAOP', ip: '192.168.120.148', os.name: 'Windows 11', os.arch: 'amd64', os.version: '10.0', java.version: '18.0.2.1'
Driver info: driver.version: ChromeDriver
remote stacktrace: Backtrace:
(No symbol) [0x009AF243]
(No symbol) [0x00937FD1]
(No symbol) [0x0082D04D]
(No symbol) [0x0084F6B4]
(No symbol) [0x0084A97C]
(No symbol) [0x008482E9]
(No symbol) [0x0087F056]
(No symbol) [0x0087EB2A]
(No symbol) [0x00878386]
(No symbol) [0x0085163C]
(No symbol) [0x0085269D]
GetHandleVerifier [0x00C49A22+2655074]
GetHandleVerifier [0x00C3CA24+2601828]
GetHandleVerifier [0x00A58C0A+619850]
GetHandleVerifier [0x00A57830+614768]
(No symbol) [0x009405FC]
(No symbol) [0x00945968]
(No symbol) [0x00945A55]
(No symbol) [0x0095051B]
BaseThreadInitThunk [0x76B27D69+25]
RtlInitializeExceptionChain [0x77C1BB9B+107]
RtlClearBits [0x77C1BB1F+191]
]]>
            </message>
            <full-stacktrace>
              <![CDATA[org.openqa.selenium.SessionNotCreatedException: session not created: This version of ChromeDriver only supports Chrome version 108
Current browser version is 110.0.5481.100 with binary path C:\Program Files\Google\Chrome\Application\chrome.exe
Build info: version: '3.141.59', revision: 'e82be7d358', time: '2018-11-14T08:17:03'
System info: host: 'LAPTOP-ER81FAOP', ip: '192.168.120.148', os.name: 'Windows 11', os.arch: 'amd64', os.version: '10.0', java.version: '18.0.2.1'
Driver info: driver.version: ChromeDriver
remote stacktrace: Backtrace:
(No symbol) [0x009AF243]
(No symbol) [0x00937FD1]
(No symbol) [0x0082D04D]
(No symbol) [0x0084F6B4]
(No symbol) [0x0084A97C]
(No symbol) [0x008482E9]
(No symbol) [0x0087F056]
(No symbol) [0x0087EB2A]
(No symbol) [0x00878386]
(No symbol) [0x0085163C]
(No symbol) [0x0085269D]
GetHandleVerifier [0x00C49A22+2655074]
GetHandleVerifier [0x00C3CA24+2601828]
GetHandleVerifier [0x00A58C0A+619850]
GetHandleVerifier [0x00A57830+614768]
(No symbol) [0x009405FC]
(No symbol) [0x00945968]
(No symbol) [0x00945A55]
(No symbol) [0x0095051B]
BaseThreadInitThunk [0x76B27D69+25]
RtlInitializeExceptionChain [0x77C1BB9B+107]
RtlClearBits [0x77C1BB1F+191]

at java.base/jdk.internal.reflect.DirectConstructorHandleAccessor.newInstance(DirectConstructorHandleAccessor.java:67)
at java.base/java.lang.reflect.Constructor.newInstanceWithCaller(Constructor.java:499)
at java.base/java.lang.reflect.Constructor.newInstance(Constructor.java:483)
at org.openqa.selenium.remote.W3CHandshakeResponse.lambda$errorHandler$0(W3CHandshakeResponse.java:62)
at org.openqa.selenium.remote.HandshakeResponse.lambda$getResponseFunction$0(HandshakeResponse.java:30)
at org.openqa.selenium.remote.ProtocolHandshake.lambda$createSession$0(ProtocolHandshake.java:126)
at java.base/java.util.stream.ReferencePipeline$3$1.accept(ReferencePipeline.java:197)
at java.base/java.util.Spliterators$ArraySpliterator.tryAdvance(Spliterators.java:1002)
at java.base/java.util.stream.ReferencePipeline.forEachWithCancel(ReferencePipeline.java:129)
at java.base/java.util.stream.AbstractPipeline.copyIntoWithCancel(AbstractPipeline.java:527)
at java.base/java.util.stream.AbstractPipeline.copyInto(AbstractPipeline.java:513)
at java.base/java.util.stream.AbstractPipeline.wrapAndCopyInto(AbstractPipeline.java:499)
at java.base/java.util.stream.FindOps$FindOp.evaluateSequential(FindOps.java:150)
at java.base/java.util.stream.AbstractPipeline.evaluate(AbstractPipeline.java:234)
at java.base/java.util.stream.ReferencePipeline.findFirst(ReferencePipeline.java:647)
at org.openqa.selenium.remote.ProtocolHandshake.createSession(ProtocolHandshake.java:128)
at org.openqa.selenium.remote.ProtocolHandshake.createSession(ProtocolHandshake.java:74)
at org.openqa.selenium.remote.HttpCommandExecutor.execute(HttpCommandExecutor.java:136)
at org.openqa.selenium.remote.service.DriverCommandExecutor.execute(DriverCommandExecutor.java:83)
at org.openqa.selenium.remote.RemoteWebDriver.execute(RemoteWebDriver.java:552)
at org.openqa.selenium.remote.RemoteWebDriver.startSession(RemoteWebDriver.java:213)
at org.openqa.selenium.remote.RemoteWebDriver.<init>(RemoteWebDriver.java:131)
at org.openqa.selenium.chrome.ChromeDriver.<init>(ChromeDriver.java:181)
at org.openqa.selenium.chrome.ChromeDriver.<init>(ChromeDriver.java:168)
at org.openqa.selenium.chrome.ChromeDriver.<init>(ChromeDriver.java:123)
at testNg.TestNgClass1.LunchBrowser(TestNgClass1.java:22)
at java.base/jdk.internal.reflect.DirectMethodHandleAccessor.invoke(DirectMethodHandleAccessor.java:104)
at java.base/java.lang.reflect.Method.invoke(Method.java:577)
at org.testng.internal.MethodInvocationHelper.invokeMethod(MethodInvocationHelper.java:133)
at org.testng.internal.MethodInvocationHelper.invokeMethodConsideringTimeout(MethodInvocationHelper.java:62)
at org.testng.internal.ConfigInvoker.invokeConfigurationMethod(ConfigInvoker.java:385)
at org.testng.internal.ConfigInvoker.invokeConfigurations(ConfigInvoker.java:321)
at org.testng.internal.TestMethodWorker.invokeBeforeClassMethods(TestMethodWorker.java:176)
at org.testng.internal.TestMethodWorker.run(TestMethodWorker.java:122)
at java.base/java.util.ArrayList.forEach(ArrayList.java:1511)
at org.testng.TestRunner.privateRun(TestRunner.java:794)
at org.testng.TestRunner.run(TestRunner.java:596)
at org.testng.SuiteRunner.runTest(SuiteRunner.java:377)
at org.testng.SuiteRunner.runSequentially(SuiteRunner.java:371)
at org.testng.SuiteRunner.privateRun(SuiteRunner.java:332)
at org.testng.SuiteRunner.run(SuiteRunner.java:276)
at org.testng.SuiteRunnerWorker.runSuite(SuiteRunnerWorker.java:53)
at org.testng.SuiteRunnerWorker.run(SuiteRunnerWorker.java:96)
at org.testng.TestNG.runSuitesSequentially(TestNG.java:1212)
at org.testng.TestNG.runSuitesLocally(TestNG.java:1134)
at org.testng.TestNG.runSuites(TestNG.java:1063)
at org.testng.TestNG.run(TestNG.java:1031)
at org.testng.remote.AbstractRemoteTestNG.run(AbstractRemoteTestNG.java:115)
at org.testng.remote.RemoteTestNG.initAndRun(RemoteTestNG.java:251)
at org.testng.remote.RemoteTestNG.main(RemoteTestNG.java:77)
]]>
            </full-stacktrace>
          </exception> <!-- org.openqa.selenium.SessionNotCreatedException -->
          <reporter-output>
          </reporter-output>
        </test-method> <!-- LunchBrowser -->
        <test-method is-config="true" signature="goToHomePage()[pri:0, instance:testNg.TestNgClass1@13e39c73]" started-at="2023-02-16T00:43:39 IST" name="goToHomePage" finished-at="1970-01-01T05:30:00 IST" duration-ms="-1676488419540" status="SKIP">
          <reporter-output>
          </reporter-output>
        </test-method> <!-- goToHomePage -->
        <test-method signature="VerifyCreateAccount()[pri:0, instance:testNg.TestNgClass1@13e39c73]" started-at="2023-02-16T00:43:39 IST" name="VerifyCreateAccount" finished-at="2023-02-16T00:43:39 IST" duration-ms="0" status="SKIP">
          <exception class="org.openqa.selenium.SessionNotCreatedException">
            <message>
              <![CDATA[session not created: This version of ChromeDriver only supports Chrome version 108
Current browser version is 110.0.5481.100 with binary path C:\Program Files\Google\Chrome\Application\chrome.exe
Build info: version: '3.141.59', revision: 'e82be7d358', time: '2018-11-14T08:17:03'
System info: host: 'LAPTOP-ER81FAOP', ip: '192.168.120.148', os.name: 'Windows 11', os.arch: 'amd64', os.version: '10.0', java.version: '18.0.2.1'
Driver info: driver.version: ChromeDriver
remote stacktrace: Backtrace:
(No symbol) [0x009AF243]
(No symbol) [0x00937FD1]
(No symbol) [0x0082D04D]
(No symbol) [0x0084F6B4]
(No symbol) [0x0084A97C]
(No symbol) [0x008482E9]
(No symbol) [0x0087F056]
(No symbol) [0x0087EB2A]
(No symbol) [0x00878386]
(No symbol) [0x0085163C]
(No symbol) [0x0085269D]
GetHandleVerifier [0x00C49A22+2655074]
GetHandleVerifier [0x00C3CA24+2601828]
GetHandleVerifier [0x00A58C0A+619850]
GetHandleVerifier [0x00A57830+614768]
(No symbol) [0x009405FC]
(No symbol) [0x00945968]
(No symbol) [0x00945A55]
(No symbol) [0x0095051B]
BaseThreadInitThunk [0x76B27D69+25]
RtlInitializeExceptionChain [0x77C1BB9B+107]
RtlClearBits [0x77C1BB1F+191]
]]>
            </message>
            <full-stacktrace>
              <![CDATA[org.openqa.selenium.SessionNotCreatedException: session not created: This version of ChromeDriver only supports Chrome version 108
Current browser version is 110.0.5481.100 with binary path C:\Program Files\Google\Chrome\Application\chrome.exe
Build info: version: '3.141.59', revision: 'e82be7d358', time: '2018-11-14T08:17:03'
System info: host: 'LAPTOP-ER81FAOP', ip: '192.168.120.148', os.name: 'Windows 11', os.arch: 'amd64', os.version: '10.0', java.version: '18.0.2.1'
Driver info: driver.version: ChromeDriver
remote stacktrace: Backtrace:
(No symbol) [0x009AF243]
(No symbol) [0x00937FD1]
(No symbol) [0x0082D04D]
(No symbol) [0x0084F6B4]
(No symbol) [0x0084A97C]
(No symbol) [0x008482E9]
(No symbol) [0x0087F056]
(No symbol) [0x0087EB2A]
(No symbol) [0x00878386]
(No symbol) [0x0085163C]
(No symbol) [0x0085269D]
GetHandleVerifier [0x00C49A22+2655074]
GetHandleVerifier [0x00C3CA24+2601828]
GetHandleVerifier [0x00A58C0A+619850]
GetHandleVerifier [0x00A57830+614768]
(No symbol) [0x009405FC]
(No symbol) [0x00945968]
(No symbol) [0x00945A55]
(No symbol) [0x0095051B]
BaseThreadInitThunk [0x76B27D69+25]
RtlInitializeExceptionChain [0x77C1BB9B+107]
RtlClearBits [0x77C1BB1F+191]

at java.base/jdk.internal.reflect.DirectConstructorHandleAccessor.newInstance(DirectConstructorHandleAccessor.java:67)
at java.base/java.lang.reflect.Constructor.newInstanceWithCaller(Constructor.java:499)
at java.base/java.lang.reflect.Constructor.newInstance(Constructor.java:483)
at org.openqa.selenium.remote.W3CHandshakeResponse.lambda$errorHandler$0(W3CHandshakeResponse.java:62)
at org.openqa.selenium.remote.HandshakeResponse.lambda$getResponseFunction$0(HandshakeResponse.java:30)
at org.openqa.selenium.remote.ProtocolHandshake.lambda$createSession$0(ProtocolHandshake.java:126)
at java.base/java.util.stream.ReferencePipeline$3$1.accept(ReferencePipeline.java:197)
at java.base/java.util.Spliterators$ArraySpliterator.tryAdvance(Spliterators.java:1002)
at java.base/java.util.stream.ReferencePipeline.forEachWithCancel(ReferencePipeline.java:129)
at java.base/java.util.stream.AbstractPipeline.copyIntoWithCancel(AbstractPipeline.java:527)
at java.base/java.util.stream.AbstractPipeline.copyInto(AbstractPipeline.java:513)
at java.base/java.util.stream.AbstractPipeline.wrapAndCopyInto(AbstractPipeline.java:499)
at java.base/java.util.stream.FindOps$FindOp.evaluateSequential(FindOps.java:150)
at java.base/java.util.stream.AbstractPipeline.evaluate(AbstractPipeline.java:234)
at java.base/java.util.stream.ReferencePipeline.findFirst(ReferencePipeline.java:647)
at org.openqa.selenium.remote.ProtocolHandshake.createSession(ProtocolHandshake.java:128)
at org.openqa.selenium.remote.ProtocolHandshake.createSession(ProtocolHandshake.java:74)
at org.openqa.selenium.remote.HttpCommandExecutor.execute(HttpCommandExecutor.java:136)
at org.openqa.selenium.remote.service.DriverCommandExecutor.execute(DriverCommandExecutor.java:83)
at org.openqa.selenium.remote.RemoteWebDriver.execute(RemoteWebDriver.java:552)
at org.openqa.selenium.remote.RemoteWebDriver.startSession(RemoteWebDriver.java:213)
at org.openqa.selenium.remote.RemoteWebDriver.<init>(RemoteWebDriver.java:131)
at org.openqa.selenium.chrome.ChromeDriver.<init>(ChromeDriver.java:181)
at org.openqa.selenium.chrome.ChromeDriver.<init>(ChromeDriver.java:168)
at org.openqa.selenium.chrome.ChromeDriver.<init>(ChromeDriver.java:123)
at testNg.TestNgClass1.LunchBrowser(TestNgClass1.java:22)
at java.base/jdk.internal.reflect.DirectMethodHandleAccessor.invoke(DirectMethodHandleAccessor.java:104)
at java.base/java.lang.reflect.Method.invoke(Method.java:577)
at org.testng.internal.MethodInvocationHelper.invokeMethod(MethodInvocationHelper.java:133)
at org.testng.internal.MethodInvocationHelper.invokeMethodConsideringTimeout(MethodInvocationHelper.java:62)
at org.testng.internal.ConfigInvoker.invokeConfigurationMethod(ConfigInvoker.java:385)
at org.testng.internal.ConfigInvoker.invokeConfigurations(ConfigInvoker.java:321)
at org.testng.internal.TestMethodWorker.invokeBeforeClassMethods(TestMethodWorker.java:176)
at org.testng.internal.TestMethodWorker.run(TestMethodWorker.java:122)
at java.base/java.util.ArrayList.forEach(ArrayList.java:1511)
at org.testng.TestRunner.privateRun(TestRunner.java:794)
at org.testng.TestRunner.run(TestRunner.java:596)
at org.testng.SuiteRunner.runTest(SuiteRunner.java:377)
at org.testng.SuiteRunner.runSequentially(SuiteRunner.java:371)
at org.testng.SuiteRunner.privateRun(SuiteRunner.java:332)
at org.testng.SuiteRunner.run(SuiteRunner.java:276)
at org.testng.SuiteRunnerWorker.runSuite(SuiteRunnerWorker.java:53)
at org.testng.SuiteRunnerWorker.run(SuiteRunnerWorker.java:96)
at org.testng.TestNG.runSuitesSequentially(TestNG.java:1212)
at org.testng.TestNG.runSuitesLocally(TestNG.java:1134)
at org.testng.TestNG.runSuites(TestNG.java:1063)
at org.testng.TestNG.run(TestNG.java:1031)
at org.testng.remote.AbstractRemoteTestNG.run(AbstractRemoteTestNG.java:115)
at org.testng.remote.RemoteTestNG.initAndRun(RemoteTestNG.java:251)
at org.testng.remote.RemoteTestNG.main(RemoteTestNG.java:77)
]]>
            </full-stacktrace>
          </exception> <!-- org.openqa.selenium.SessionNotCreatedException -->
          <reporter-output>
          </reporter-output>
        </test-method> <!-- VerifyCreateAccount -->
        <test-method is-config="true" signature="BackPage()[pri:0, instance:testNg.TestNgClass1@13e39c73]" started-at="2023-02-16T00:43:39 IST" name="BackPage" finished-at="1970-01-01T05:30:00 IST" duration-ms="-1676488419549" status="SKIP">
          <reporter-output>
          </reporter-output>
        </test-method> <!-- BackPage -->
        <test-method is-config="true" signature="goToHomePage()[pri:0, instance:testNg.TestNgClass1@13e39c73]" started-at="2023-02-16T00:43:39 IST" name="goToHomePage" finished-at="1970-01-01T05:30:00 IST" duration-ms="-1676488419556" status="SKIP">
          <reporter-output>
          </reporter-output>
        </test-method> <!-- goToHomePage -->
        <test-method signature="VerifySignInPage()[pri:0, instance:testNg.TestNgClass1@13e39c73]" started-at="2023-02-16T00:43:39 IST" name="VerifySignInPage" finished-at="2023-02-16T00:43:39 IST" duration-ms="0" status="SKIP">
          <exception class="org.openqa.selenium.SessionNotCreatedException">
            <message>
              <![CDATA[session not created: This version of ChromeDriver only supports Chrome version 108
Current browser version is 110.0.5481.100 with binary path C:\Program Files\Google\Chrome\Application\chrome.exe
Build info: version: '3.141.59', revision: 'e82be7d358', time: '2018-11-14T08:17:03'
System info: host: 'LAPTOP-ER81FAOP', ip: '192.168.120.148', os.name: 'Windows 11', os.arch: 'amd64', os.version: '10.0', java.version: '18.0.2.1'
Driver info: driver.version: ChromeDriver
remote stacktrace: Backtrace:
(No symbol) [0x009AF243]
(No symbol) [0x00937FD1]
(No symbol) [0x0082D04D]
(No symbol) [0x0084F6B4]
(No symbol) [0x0084A97C]
(No symbol) [0x008482E9]
(No symbol) [0x0087F056]
(No symbol) [0x0087EB2A]
(No symbol) [0x00878386]
(No symbol) [0x0085163C]
(No symbol) [0x0085269D]
GetHandleVerifier [0x00C49A22+2655074]
GetHandleVerifier [0x00C3CA24+2601828]
GetHandleVerifier [0x00A58C0A+619850]
GetHandleVerifier [0x00A57830+614768]
(No symbol) [0x009405FC]
(No symbol) [0x00945968]
(No symbol) [0x00945A55]
(No symbol) [0x0095051B]
BaseThreadInitThunk [0x76B27D69+25]
RtlInitializeExceptionChain [0x77C1BB9B+107]
RtlClearBits [0x77C1BB1F+191]
]]>
            </message>
            <full-stacktrace>
              <![CDATA[org.openqa.selenium.SessionNotCreatedException: session not created: This version of ChromeDriver only supports Chrome version 108
Current browser version is 110.0.5481.100 with binary path C:\Program Files\Google\Chrome\Application\chrome.exe
Build info: version: '3.141.59', revision: 'e82be7d358', time: '2018-11-14T08:17:03'
System info: host: 'LAPTOP-ER81FAOP', ip: '192.168.120.148', os.name: 'Windows 11', os.arch: 'amd64', os.version: '10.0', java.version: '18.0.2.1'
Driver info: driver.version: ChromeDriver
remote stacktrace: Backtrace:
(No symbol) [0x009AF243]
(No symbol) [0x00937FD1]
(No symbol) [0x0082D04D]
(No symbol) [0x0084F6B4]
(No symbol) [0x0084A97C]
(No symbol) [0x008482E9]
(No symbol) [0x0087F056]
(No symbol) [0x0087EB2A]
(No symbol) [0x00878386]
(No symbol) [0x0085163C]
(No symbol) [0x0085269D]
GetHandleVerifier [0x00C49A22+2655074]
GetHandleVerifier [0x00C3CA24+2601828]
GetHandleVerifier [0x00A58C0A+619850]
GetHandleVerifier [0x00A57830+614768]
(No symbol) [0x009405FC]
(No symbol) [0x00945968]
(No symbol) [0x00945A55]
(No symbol) [0x0095051B]
BaseThreadInitThunk [0x76B27D69+25]
RtlInitializeExceptionChain [0x77C1BB9B+107]
RtlClearBits [0x77C1BB1F+191]

at java.base/jdk.internal.reflect.DirectConstructorHandleAccessor.newInstance(DirectConstructorHandleAccessor.java:67)
at java.base/java.lang.reflect.Constructor.newInstanceWithCaller(Constructor.java:499)
at java.base/java.lang.reflect.Constructor.newInstance(Constructor.java:483)
at org.openqa.selenium.remote.W3CHandshakeResponse.lambda$errorHandler$0(W3CHandshakeResponse.java:62)
at org.openqa.selenium.remote.HandshakeResponse.lambda$getResponseFunction$0(HandshakeResponse.java:30)
at org.openqa.selenium.remote.ProtocolHandshake.lambda$createSession$0(ProtocolHandshake.java:126)
at java.base/java.util.stream.ReferencePipeline$3$1.accept(ReferencePipeline.java:197)
at java.base/java.util.Spliterators$ArraySpliterator.tryAdvance(Spliterators.java:1002)
at java.base/java.util.stream.ReferencePipeline.forEachWithCancel(ReferencePipeline.java:129)
at java.base/java.util.stream.AbstractPipeline.copyIntoWithCancel(AbstractPipeline.java:527)
at java.base/java.util.stream.AbstractPipeline.copyInto(AbstractPipeline.java:513)
at java.base/java.util.stream.AbstractPipeline.wrapAndCopyInto(AbstractPipeline.java:499)
at java.base/java.util.stream.FindOps$FindOp.evaluateSequential(FindOps.java:150)
at java.base/java.util.stream.AbstractPipeline.evaluate(AbstractPipeline.java:234)
at java.base/java.util.stream.ReferencePipeline.findFirst(ReferencePipeline.java:647)
at org.openqa.selenium.remote.ProtocolHandshake.createSession(ProtocolHandshake.java:128)
at org.openqa.selenium.remote.ProtocolHandshake.createSession(ProtocolHandshake.java:74)
at org.openqa.selenium.remote.HttpCommandExecutor.execute(HttpCommandExecutor.java:136)
at org.openqa.selenium.remote.service.DriverCommandExecutor.execute(DriverCommandExecutor.java:83)
at org.openqa.selenium.remote.RemoteWebDriver.execute(RemoteWebDriver.java:552)
at org.openqa.selenium.remote.RemoteWebDriver.startSession(RemoteWebDriver.java:213)
at org.openqa.selenium.remote.RemoteWebDriver.<init>(RemoteWebDriver.java:131)
at org.openqa.selenium.chrome.ChromeDriver.<init>(ChromeDriver.java:181)
at org.openqa.selenium.chrome.ChromeDriver.<init>(ChromeDriver.java:168)
at org.openqa.selenium.chrome.ChromeDriver.<init>(ChromeDriver.java:123)
at testNg.TestNgClass1.LunchBrowser(TestNgClass1.java:22)
at java.base/jdk.internal.reflect.DirectMethodHandleAccessor.invoke(DirectMethodHandleAccessor.java:104)
at java.base/java.lang.reflect.Method.invoke(Method.java:577)
at org.testng.internal.MethodInvocationHelper.invokeMethod(MethodInvocationHelper.java:133)
at org.testng.internal.MethodInvocationHelper.invokeMethodConsideringTimeout(MethodInvocationHelper.java:62)
at org.testng.internal.ConfigInvoker.invokeConfigurationMethod(ConfigInvoker.java:385)
at org.testng.internal.ConfigInvoker.invokeConfigurations(ConfigInvoker.java:321)
at org.testng.internal.TestMethodWorker.invokeBeforeClassMethods(TestMethodWorker.java:176)
at org.testng.internal.TestMethodWorker.run(TestMethodWorker.java:122)
at java.base/java.util.ArrayList.forEach(ArrayList.java:1511)
at org.testng.TestRunner.privateRun(TestRunner.java:794)
at org.testng.TestRunner.run(TestRunner.java:596)
at org.testng.SuiteRunner.runTest(SuiteRunner.java:377)
at org.testng.SuiteRunner.runSequentially(SuiteRunner.java:371)
at org.testng.SuiteRunner.privateRun(SuiteRunner.java:332)
at org.testng.SuiteRunner.run(SuiteRunner.java:276)
at org.testng.SuiteRunnerWorker.runSuite(SuiteRunnerWorker.java:53)
at org.testng.SuiteRunnerWorker.run(SuiteRunnerWorker.java:96)
at org.testng.TestNG.runSuitesSequentially(TestNG.java:1212)
at org.testng.TestNG.runSuitesLocally(TestNG.java:1134)
at org.testng.TestNG.runSuites(TestNG.java:1063)
at org.testng.TestNG.run(TestNG.java:1031)
at org.testng.remote.AbstractRemoteTestNG.run(AbstractRemoteTestNG.java:115)
at org.testng.remote.RemoteTestNG.initAndRun(RemoteTestNG.java:251)
at org.testng.remote.RemoteTestNG.main(RemoteTestNG.java:77)
]]>
            </full-stacktrace>
          </exception> <!-- org.openqa.selenium.SessionNotCreatedException -->
          <reporter-output>
          </reporter-output>
        </test-method> <!-- VerifySignInPage -->
        <test-method is-config="true" signature="BackPage()[pri:0, instance:testNg.TestNgClass1@13e39c73]" started-at="2023-02-16T00:43:39 IST" name="BackPage" finished-at="1970-01-01T05:30:00 IST" duration-ms="-1676488419572" status="SKIP">
          <reporter-output>
          </reporter-output>
        </test-method> <!-- BackPage -->
        <test-method is-config="true" signature="closedbrowser()[pri:0, instance:testNg.TestNgClass1@13e39c73]" started-at="2023-02-16T00:43:39 IST" name="closedbrowser" finished-at="1970-01-01T05:30:00 IST" duration-ms="-1676488419577" status="SKIP">
          <reporter-output>
          </reporter-output>
        </test-method> <!-- closedbrowser -->
      </class> <!-- testNg.TestNgClass1 -->
      <class name="testNg.TestNgClass_2">
        <test-method is-config="true" signature="LunchBrowser()[pri:0, instance:testNg.TestNgClass_2@64cd705f]" started-at="2023-02-16T00:43:39 IST" name="LunchBrowser" finished-at="2023-02-16T00:43:40 IST" duration-ms="811" status="FAIL">
          <exception class="org.openqa.selenium.SessionNotCreatedException">
            <message>
              <![CDATA[session not created: This version of ChromeDriver only supports Chrome version 108
Current browser version is 110.0.5481.100 with binary path C:\Program Files\Google\Chrome\Application\chrome.exe
Build info: version: '3.141.59', revision: 'e82be7d358', time: '2018-11-14T08:17:03'
System info: host: 'LAPTOP-ER81FAOP', ip: '192.168.120.148', os.name: 'Windows 11', os.arch: 'amd64', os.version: '10.0', java.version: '18.0.2.1'
Driver info: driver.version: ChromeDriver
remote stacktrace: Backtrace:
(No symbol) [0x009AF243]
(No symbol) [0x00937FD1]
(No symbol) [0x0082D04D]
(No symbol) [0x0084F6B4]
(No symbol) [0x0084A97C]
(No symbol) [0x008482E9]
(No symbol) [0x0087F056]
(No symbol) [0x0087EB2A]
(No symbol) [0x00878386]
(No symbol) [0x0085163C]
(No symbol) [0x0085269D]
GetHandleVerifier [0x00C49A22+2655074]
GetHandleVerifier [0x00C3CA24+2601828]
GetHandleVerifier [0x00A58C0A+619850]
GetHandleVerifier [0x00A57830+614768]
(No symbol) [0x009405FC]
(No symbol) [0x00945968]
(No symbol) [0x00945A55]
(No symbol) [0x0095051B]
BaseThreadInitThunk [0x76B27D69+25]
RtlInitializeExceptionChain [0x77C1BB9B+107]
RtlClearBits [0x77C1BB1F+191]
]]>
            </message>
            <full-stacktrace>
              <![CDATA[org.openqa.selenium.SessionNotCreatedException: session not created: This version of ChromeDriver only supports Chrome version 108
Current browser version is 110.0.5481.100 with binary path C:\Program Files\Google\Chrome\Application\chrome.exe
Build info: version: '3.141.59', revision: 'e82be7d358', time: '2018-11-14T08:17:03'
System info: host: 'LAPTOP-ER81FAOP', ip: '192.168.120.148', os.name: 'Windows 11', os.arch: 'amd64', os.version: '10.0', java.version: '18.0.2.1'
Driver info: driver.version: ChromeDriver
remote stacktrace: Backtrace:
(No symbol) [0x009AF243]
(No symbol) [0x00937FD1]
(No symbol) [0x0082D04D]
(No symbol) [0x0084F6B4]
(No symbol) [0x0084A97C]
(No symbol) [0x008482E9]
(No symbol) [0x0087F056]
(No symbol) [0x0087EB2A]
(No symbol) [0x00878386]
(No symbol) [0x0085163C]
(No symbol) [0x0085269D]
GetHandleVerifier [0x00C49A22+2655074]
GetHandleVerifier [0x00C3CA24+2601828]
GetHandleVerifier [0x00A58C0A+619850]
GetHandleVerifier [0x00A57830+614768]
(No symbol) [0x009405FC]
(No symbol) [0x00945968]
(No symbol) [0x00945A55]
(No symbol) [0x0095051B]
BaseThreadInitThunk [0x76B27D69+25]
RtlInitializeExceptionChain [0x77C1BB9B+107]
RtlClearBits [0x77C1BB1F+191]

at java.base/jdk.internal.reflect.DirectConstructorHandleAccessor.newInstance(DirectConstructorHandleAccessor.java:67)
at java.base/java.lang.reflect.Constructor.newInstanceWithCaller(Constructor.java:499)
at java.base/java.lang.reflect.Constructor.newInstance(Constructor.java:483)
at org.openqa.selenium.remote.W3CHandshakeResponse.lambda$errorHandler$0(W3CHandshakeResponse.java:62)
at org.openqa.selenium.remote.HandshakeResponse.lambda$getResponseFunction$0(HandshakeResponse.java:30)
at org.openqa.selenium.remote.ProtocolHandshake.lambda$createSession$0(ProtocolHandshake.java:126)
at java.base/java.util.stream.ReferencePipeline$3$1.accept(ReferencePipeline.java:197)
at java.base/java.util.Spliterators$ArraySpliterator.tryAdvance(Spliterators.java:1002)
at java.base/java.util.stream.ReferencePipeline.forEachWithCancel(ReferencePipeline.java:129)
at java.base/java.util.stream.AbstractPipeline.copyIntoWithCancel(AbstractPipeline.java:527)
at java.base/java.util.stream.AbstractPipeline.copyInto(AbstractPipeline.java:513)
at java.base/java.util.stream.AbstractPipeline.wrapAndCopyInto(AbstractPipeline.java:499)
at java.base/java.util.stream.FindOps$FindOp.evaluateSequential(FindOps.java:150)
at java.base/java.util.stream.AbstractPipeline.evaluate(AbstractPipeline.java:234)
at java.base/java.util.stream.ReferencePipeline.findFirst(ReferencePipeline.java:647)
at org.openqa.selenium.remote.ProtocolHandshake.createSession(ProtocolHandshake.java:128)
at org.openqa.selenium.remote.ProtocolHandshake.createSession(ProtocolHandshake.java:74)
at org.openqa.selenium.remote.HttpCommandExecutor.execute(HttpCommandExecutor.java:136)
at org.openqa.selenium.remote.service.DriverCommandExecutor.execute(DriverCommandExecutor.java:83)
at org.openqa.selenium.remote.RemoteWebDriver.execute(RemoteWebDriver.java:552)
at org.openqa.selenium.remote.RemoteWebDriver.startSession(RemoteWebDriver.java:213)
at org.openqa.selenium.remote.RemoteWebDriver.<init>(RemoteWebDriver.java:131)
at org.openqa.selenium.chrome.ChromeDriver.<init>(ChromeDriver.java:181)
at org.openqa.selenium.chrome.ChromeDriver.<init>(ChromeDriver.java:168)
at org.openqa.selenium.chrome.ChromeDriver.<init>(ChromeDriver.java:123)
at testNg.TestNgClass_2.LunchBrowser(TestNgClass_2.java:25)
at java.base/jdk.internal.reflect.DirectMethodHandleAccessor.invoke(DirectMethodHandleAccessor.java:104)
at java.base/java.lang.reflect.Method.invoke(Method.java:577)
at org.testng.internal.MethodInvocationHelper.invokeMethod(MethodInvocationHelper.java:133)
at org.testng.internal.MethodInvocationHelper.invokeMethodConsideringTimeout(MethodInvocationHelper.java:62)
at org.testng.internal.ConfigInvoker.invokeConfigurationMethod(ConfigInvoker.java:385)
at org.testng.internal.ConfigInvoker.invokeConfigurations(ConfigInvoker.java:321)
at org.testng.internal.TestMethodWorker.invokeBeforeClassMethods(TestMethodWorker.java:176)
at org.testng.internal.TestMethodWorker.run(TestMethodWorker.java:122)
at java.base/java.util.ArrayList.forEach(ArrayList.java:1511)
at org.testng.TestRunner.privateRun(TestRunner.java:794)
at org.testng.TestRunner.run(TestRunner.java:596)
at org.testng.SuiteRunner.runTest(SuiteRunner.java:377)
at org.testng.SuiteRunner.runSequentially(SuiteRunner.java:371)
at org.testng.SuiteRunner.privateRun(SuiteRunner.java:332)
at org.testng.SuiteRunner.run(SuiteRunner.java:276)
at org.testng.SuiteRunnerWorker.runSuite(SuiteRunnerWorker.java:53)
at org.testng.SuiteRunnerWorker.run(SuiteRunnerWorker.java:96)
at org.testng.TestNG.runSuitesSequentially(TestNG.java:1212)
at org.testng.TestNG.runSuitesLocally(TestNG.java:1134)
at org.testng.TestNG.runSuites(TestNG.java:1063)
at org.testng.TestNG.run(TestNG.java:1031)
at org.testng.remote.AbstractRemoteTestNG.run(AbstractRemoteTestNG.java:115)
at org.testng.remote.RemoteTestNG.initAndRun(RemoteTestNG.java:251)
at org.testng.remote.RemoteTestNG.main(RemoteTestNG.java:77)
]]>
            </full-stacktrace>
          </exception> <!-- org.openqa.selenium.SessionNotCreatedException -->
          <reporter-output>
          </reporter-output>
        </test-method> <!-- LunchBrowser -->
        <test-method is-config="true" signature="goToHomePage()[pri:0, instance:testNg.TestNgClass_2@64cd705f]" started-at="2023-02-16T00:43:40 IST" name="goToHomePage" finished-at="1970-01-01T05:30:00 IST" duration-ms="-1676488420395" status="SKIP">
          <reporter-output>
          </reporter-output>
        </test-method> <!-- goToHomePage -->
        <test-method signature="VerifySentToMain()[pri:0, instance:testNg.TestNgClass_2@64cd705f]" started-at="2023-02-16T00:43:40 IST" name="VerifySentToMain" finished-at="2023-02-16T00:43:40 IST" duration-ms="0" status="SKIP">
          <exception class="org.openqa.selenium.SessionNotCreatedException">
            <message>
              <![CDATA[session not created: This version of ChromeDriver only supports Chrome version 108
Current browser version is 110.0.5481.100 with binary path C:\Program Files\Google\Chrome\Application\chrome.exe
Build info: version: '3.141.59', revision: 'e82be7d358', time: '2018-11-14T08:17:03'
System info: host: 'LAPTOP-ER81FAOP', ip: '192.168.120.148', os.name: 'Windows 11', os.arch: 'amd64', os.version: '10.0', java.version: '18.0.2.1'
Driver info: driver.version: ChromeDriver
remote stacktrace: Backtrace:
(No symbol) [0x009AF243]
(No symbol) [0x00937FD1]
(No symbol) [0x0082D04D]
(No symbol) [0x0084F6B4]
(No symbol) [0x0084A97C]
(No symbol) [0x008482E9]
(No symbol) [0x0087F056]
(No symbol) [0x0087EB2A]
(No symbol) [0x00878386]
(No symbol) [0x0085163C]
(No symbol) [0x0085269D]
GetHandleVerifier [0x00C49A22+2655074]
GetHandleVerifier [0x00C3CA24+2601828]
GetHandleVerifier [0x00A58C0A+619850]
GetHandleVerifier [0x00A57830+614768]
(No symbol) [0x009405FC]
(No symbol) [0x00945968]
(No symbol) [0x00945A55]
(No symbol) [0x0095051B]
BaseThreadInitThunk [0x76B27D69+25]
RtlInitializeExceptionChain [0x77C1BB9B+107]
RtlClearBits [0x77C1BB1F+191]
]]>
            </message>
            <full-stacktrace>
              <![CDATA[org.openqa.selenium.SessionNotCreatedException: session not created: This version of ChromeDriver only supports Chrome version 108
Current browser version is 110.0.5481.100 with binary path C:\Program Files\Google\Chrome\Application\chrome.exe
Build info: version: '3.141.59', revision: 'e82be7d358', time: '2018-11-14T08:17:03'
System info: host: 'LAPTOP-ER81FAOP', ip: '192.168.120.148', os.name: 'Windows 11', os.arch: 'amd64', os.version: '10.0', java.version: '18.0.2.1'
Driver info: driver.version: ChromeDriver
remote stacktrace: Backtrace:
(No symbol) [0x009AF243]
(No symbol) [0x00937FD1]
(No symbol) [0x0082D04D]
(No symbol) [0x0084F6B4]
(No symbol) [0x0084A97C]
(No symbol) [0x008482E9]
(No symbol) [0x0087F056]
(No symbol) [0x0087EB2A]
(No symbol) [0x00878386]
(No symbol) [0x0085163C]
(No symbol) [0x0085269D]
GetHandleVerifier [0x00C49A22+2655074]
GetHandleVerifier [0x00C3CA24+2601828]
GetHandleVerifier [0x00A58C0A+619850]
GetHandleVerifier [0x00A57830+614768]
(No symbol) [0x009405FC]
(No symbol) [0x00945968]
(No symbol) [0x00945A55]
(No symbol) [0x0095051B]
BaseThreadInitThunk [0x76B27D69+25]
RtlInitializeExceptionChain [0x77C1BB9B+107]
RtlClearBits [0x77C1BB1F+191]

at java.base/jdk.internal.reflect.DirectConstructorHandleAccessor.newInstance(DirectConstructorHandleAccessor.java:67)
at java.base/java.lang.reflect.Constructor.newInstanceWithCaller(Constructor.java:499)
at java.base/java.lang.reflect.Constructor.newInstance(Constructor.java:483)
at org.openqa.selenium.remote.W3CHandshakeResponse.lambda$errorHandler$0(W3CHandshakeResponse.java:62)
at org.openqa.selenium.remote.HandshakeResponse.lambda$getResponseFunction$0(HandshakeResponse.java:30)
at org.openqa.selenium.remote.ProtocolHandshake.lambda$createSession$0(ProtocolHandshake.java:126)
at java.base/java.util.stream.ReferencePipeline$3$1.accept(ReferencePipeline.java:197)
at java.base/java.util.Spliterators$ArraySpliterator.tryAdvance(Spliterators.java:1002)
at java.base/java.util.stream.ReferencePipeline.forEachWithCancel(ReferencePipeline.java:129)
at java.base/java.util.stream.AbstractPipeline.copyIntoWithCancel(AbstractPipeline.java:527)
at java.base/java.util.stream.AbstractPipeline.copyInto(AbstractPipeline.java:513)
at java.base/java.util.stream.AbstractPipeline.wrapAndCopyInto(AbstractPipeline.java:499)
at java.base/java.util.stream.FindOps$FindOp.evaluateSequential(FindOps.java:150)
at java.base/java.util.stream.AbstractPipeline.evaluate(AbstractPipeline.java:234)
at java.base/java.util.stream.ReferencePipeline.findFirst(ReferencePipeline.java:647)
at org.openqa.selenium.remote.ProtocolHandshake.createSession(ProtocolHandshake.java:128)
at org.openqa.selenium.remote.ProtocolHandshake.createSession(ProtocolHandshake.java:74)
at org.openqa.selenium.remote.HttpCommandExecutor.execute(HttpCommandExecutor.java:136)
at org.openqa.selenium.remote.service.DriverCommandExecutor.execute(DriverCommandExecutor.java:83)
at org.openqa.selenium.remote.RemoteWebDriver.execute(RemoteWebDriver.java:552)
at org.openqa.selenium.remote.RemoteWebDriver.startSession(RemoteWebDriver.java:213)
at org.openqa.selenium.remote.RemoteWebDriver.<init>(RemoteWebDriver.java:131)
at org.openqa.selenium.chrome.ChromeDriver.<init>(ChromeDriver.java:181)
at org.openqa.selenium.chrome.ChromeDriver.<init>(ChromeDriver.java:168)
at org.openqa.selenium.chrome.ChromeDriver.<init>(ChromeDriver.java:123)
at testNg.TestNgClass_2.LunchBrowser(TestNgClass_2.java:25)
at java.base/jdk.internal.reflect.DirectMethodHandleAccessor.invoke(DirectMethodHandleAccessor.java:104)
at java.base/java.lang.reflect.Method.invoke(Method.java:577)
at org.testng.internal.MethodInvocationHelper.invokeMethod(MethodInvocationHelper.java:133)
at org.testng.internal.MethodInvocationHelper.invokeMethodConsideringTimeout(MethodInvocationHelper.java:62)
at org.testng.internal.ConfigInvoker.invokeConfigurationMethod(ConfigInvoker.java:385)
at org.testng.internal.ConfigInvoker.invokeConfigurations(ConfigInvoker.java:321)
at org.testng.internal.TestMethodWorker.invokeBeforeClassMethods(TestMethodWorker.java:176)
at org.testng.internal.TestMethodWorker.run(TestMethodWorker.java:122)
at java.base/java.util.ArrayList.forEach(ArrayList.java:1511)
at org.testng.TestRunner.privateRun(TestRunner.java:794)
at org.testng.TestRunner.run(TestRunner.java:596)
at org.testng.SuiteRunner.runTest(SuiteRunner.java:377)
at org.testng.SuiteRunner.runSequentially(SuiteRunner.java:371)
at org.testng.SuiteRunner.privateRun(SuiteRunner.java:332)
at org.testng.SuiteRunner.run(SuiteRunner.java:276)
at org.testng.SuiteRunnerWorker.runSuite(SuiteRunnerWorker.java:53)
at org.testng.SuiteRunnerWorker.run(SuiteRunnerWorker.java:96)
at org.testng.TestNG.runSuitesSequentially(TestNG.java:1212)
at org.testng.TestNG.runSuitesLocally(TestNG.java:1134)
at org.testng.TestNG.runSuites(TestNG.java:1063)
at org.testng.TestNG.run(TestNG.java:1031)
at org.testng.remote.AbstractRemoteTestNG.run(AbstractRemoteTestNG.java:115)
at org.testng.remote.RemoteTestNG.initAndRun(RemoteTestNG.java:251)
at org.testng.remote.RemoteTestNG.main(RemoteTestNG.java:77)
]]>
            </full-stacktrace>
          </exception> <!-- org.openqa.selenium.SessionNotCreatedException -->
          <reporter-output>
          </reporter-output>
        </test-method> <!-- VerifySentToMain -->
        <test-method is-config="true" signature="BackPage()[pri:0, instance:testNg.TestNgClass_2@64cd705f]" started-at="2023-02-16T00:43:40 IST" name="BackPage" finished-at="1970-01-01T05:30:00 IST" duration-ms="-1676488420399" status="SKIP">
          <reporter-output>
          </reporter-output>
        </test-method> <!-- BackPage -->
        <test-method is-config="true" signature="closedbrowser()[pri:0, instance:testNg.TestNgClass_2@64cd705f]" started-at="2023-02-16T00:43:40 IST" name="closedbrowser" finished-at="1970-01-01T05:30:00 IST" duration-ms="-1676488420400" status="SKIP">
          <reporter-output>
          </reporter-output>
        </test-method> <!-- closedbrowser -->
      </class> <!-- testNg.TestNgClass_2 -->
    </test> <!-- TestYahoo -->
  </suite> <!-- SuiteYahoo -->
</testng-results>
